<?xml version="1.0" encoding="UTF-8"?>
<!-- Generated by org.testng.reporters.JUnitReportReporter -->
<testsuite hostname="DESKTOP-8EE725U" failures="0" tests="3" name="com.crm.qa.testcases.HomePageTest" time="16.385" errors="0" timestamp="10 Nov 2021 23:35:21 GMT">
  <testcase classname="com.crm.qa.testcases.HomePageTest" name="TC01_VerifyContactUsCointainerisDisplayed" time="5.079"/>
  <testcase classname="com.crm.qa.testcases.HomePageTest" name="TC01_VerifyIndustryExperienceContainerDisplayed" time="6.609"/>
  <testcase classname="com.crm.qa.testcases.HomePageTest" name="TC01_VerifyLogoisDisplayed" time="4.697"/>
</testsuite> <!-- com.crm.qa.testcases.HomePageTest -->
