<?xml version="1.0" encoding="UTF-8"?>
<!-- Generated by org.testng.reporters.JUnitReportReporter -->
<testsuite hostname="LAPTOP-L2U129KB" failures="0" tests="1" name="com.crm.qa.testcases.HomePageTest" time="5.506" errors="0" timestamp="13 Nov 2021 21:17:09 GMT">
  <testcase classname="com.crm.qa.testcases.HomePageTest" name="TC01_VerifyLogoisDisplayed" time="5.506"/>
</testsuite> <!-- com.crm.qa.testcases.HomePageTest -->
