<?xml version="1.0" encoding="UTF-8"?>
<!-- Generated by org.testng.reporters.JUnitReportReporter -->
<testsuite hostname="LAPTOP-L2U129KB" failures="0" tests="1" name="com.crm.qa.testcases.HomePageTest" time="5.503" errors="0" timestamp="9 Nov 2021 00:22:19 GMT">
  <testcase classname="com.crm.qa.testcases.HomePageTest" name="TC01_VerifyLogoisDisplayed" time="5.503"/>
</testsuite> <!-- com.crm.qa.testcases.HomePageTest -->
