<?xml version="1.0" encoding="UTF-8"?>
<!-- Generated by org.testng.reporters.JUnitReportReporter -->
<testsuite hostname="LAPTOP-L2U129KB" failures="0" tests="3" name="com.crm.qa.testcases.ExampleTest" time="0.011" errors="0" timestamp="13 Nov 2021 20:01:23 GMT">
  <testcase classname="com.crm.qa.testcases.ExampleTest" name="tc02" time="0.001"/>
  <testcase classname="com.crm.qa.testcases.ExampleTest" name="tc03" time="0.003"/>
  <testcase classname="com.crm.qa.testcases.ExampleTest" name="tc01" time="0.007"/>
</testsuite> <!-- com.crm.qa.testcases.ExampleTest -->
